<?xml version="1.0" encoding="UTF-8"?>
<!-- Generated by org.testng.reporters.JUnitXMLReporter -->
<testsuite hostname="deepz_patil-PC" ignored="0" name="Free Test" tests="11" failures="0" timestamp="29 Jun 2019 07:40:17 GMT" time="202.779" errors="0">
  <testcase name="Framecheck" time="0.442" classname="com.crm.qa.test.ContactsPageTest"/>
  <testcase name="HomePageTitleTest" time="0.501" classname="com.crm.qa.test.HomePageTest"/>
  <testcase name="LoginTest" time="7.901" classname="com.crm.qa.test.HomePageTest"/>
  <testcase name="ContactbuttonClick" time="2.83" classname="com.crm.qa.test.LoginPageTest"/>
  <testcase name="ClickonNewButton" time="3.182" classname="com.crm.qa.test.ContactsPageTest"/>
  <testcase name="ValidateAndroidImageTest" time="0.44" classname="com.crm.qa.test.HomePageTest"/>
  <testcase name="Dealuttonclick" time="2.567" classname="com.crm.qa.test.LoginPageTest"/>
  <testcase name="validateCreatenewContatc" time="4.898" classname="com.crm.qa.test.ContactsPageTest"/>
  <testcase name="validateCreatenewContatc" time="5.807" classname="com.crm.qa.test.ContactsPageTest"/>
  <testcase name="validateCreatenewContatc" time="6.563" classname="com.crm.qa.test.ContactsPageTest"/>
  <testcase name="userlabletest" time="1.62" classname="com.crm.qa.test.LoginPageTest"/>
</testsuite> <!-- Free Test -->
