<?xml version="1.0" encoding="UTF-8"?>
<!-- Generated by org.testng.reporters.JUnitXMLReporter -->
<testsuite hostname="deepz_patil-PC" ignored="0" name="Default test" tests="5" failures="0" timestamp="28 Jun 2019 06:33:03 GMT" time="4.607" errors="0">
  <testcase name="@BeforeMethod setup" time="3.625" classname="com.crm.qa.test.ContactsPageTest">
    <failure type="java.lang.Error" message="Unresolved compilation problems: 
	The type WebEventListener must implement the inherited abstract method WebDriverEventListener.beforeChangeValueOf(WebElement, WebDriver, CharSequence[])
	The type WebEventListener must implement the inherited abstract method WebDriverEventListener.afterGetScreenshotAs(OutputType&amp;lt;X&amp;gt;, X)
	The type WebEventListener must implement the inherited abstract method WebDriverEventListener.beforeSwitchToWindow(String, WebDriver)
	The type WebEventListener must implement the inherited abstract method WebDriverEventListener.afterGetText(WebElement, WebDriver, String)
	The type WebEventListener must implement the inherited abstract method WebDriverEventListener.afterChangeValueOf(WebElement, WebDriver, CharSequence[])
	The type WebEventListener must implement the inherited abstract method WebDriverEventListener.afterNavigateRefresh(WebDriver)
	The type WebEventListener must implement the inherited abstract method WebDriverEventListener.afterSwitchToWindow(String, WebDriver)
	The type WebEventListener must implement the inherited abstract method WebDriverEventListener.beforeGetScreenshotAs(OutputType&amp;lt;X&amp;gt;)
	The type WebEventListener must implement the inherited abstract method WebDriverEventListener.onException(Throwable, WebDriver)
	The type WebEventListener must implement the inherited abstract method WebDriverEventListener.beforeGetText(WebElement, WebDriver)
	The type WebEventListener must implement the inherited abstract method WebDriverEventListener.beforeNavigateRefresh(WebDriver)
	Syntax error, insert &amp;quot;}&amp;quot; to complete ClassBody
">
      <![CDATA[java.lang.Error: Unresolved compilation problems: 
	The type WebEventListener must implement the inherited abstract method WebDriverEventListener.beforeChangeValueOf(WebElement, WebDriver, CharSequence[])
	The type WebEventListener must implement the inherited abstract method WebDriverEventListener.afterGetScreenshotAs(OutputType<X>, X)
	The type WebEventListener must implement the inherited abstract method WebDriverEventListener.beforeSwitchToWindow(String, WebDriver)
	The type WebEventListener must implement the inherited abstract method WebDriverEventListener.afterGetText(WebElement, WebDriver, String)
	The type WebEventListener must implement the inherited abstract method WebDriverEventListener.afterChangeValueOf(WebElement, WebDriver, CharSequence[])
	The type WebEventListener must implement the inherited abstract method WebDriverEventListener.afterNavigateRefresh(WebDriver)
	The type WebEventListener must implement the inherited abstract method WebDriverEventListener.afterSwitchToWindow(String, WebDriver)
	The type WebEventListener must implement the inherited abstract method WebDriverEventListener.beforeGetScreenshotAs(OutputType<X>)
	The type WebEventListener must implement the inherited abstract method WebDriverEventListener.onException(Throwable, WebDriver)
	The type WebEventListener must implement the inherited abstract method WebDriverEventListener.beforeGetText(WebElement, WebDriver)
	The type WebEventListener must implement the inherited abstract method WebDriverEventListener.beforeNavigateRefresh(WebDriver)
	Syntax error, insert "}" to complete ClassBody

	at com.crm.qa.util.WebEventListener.<init>(WebEventListener.java:11)
	at com.crm.qa.base.TestBase.initilization(TestBase.java:53)
	at com.crm.qa.test.ContactsPageTest.setup(ContactsPageTest.java:27)
	at sun.reflect.NativeMethodAccessorImpl.invoke0(Native Method)
	at sun.reflect.NativeMethodAccessorImpl.invoke(Unknown Source)
	at sun.reflect.DelegatingMethodAccessorImpl.invoke(Unknown Source)
	at java.lang.reflect.Method.invoke(Unknown Source)
	at org.testng.internal.MethodInvocationHelper.invokeMethod(MethodInvocationHelper.java:108)
	at org.testng.internal.Invoker.invokeConfigurationMethod(Invoker.java:523)
	at org.testng.internal.Invoker.invokeConfigurations(Invoker.java:224)
	at org.testng.internal.Invoker.invokeMethod(Invoker.java:599)
	at org.testng.internal.Invoker.invokeTestMethod(Invoker.java:869)
	at org.testng.internal.Invoker.invokeTestMethods(Invoker.java:1193)
	at org.testng.internal.TestMethodWorker.invokeTestMethods(TestMethodWorker.java:126)
	at org.testng.internal.TestMethodWorker.run(TestMethodWorker.java:109)
	at org.testng.TestRunner.privateRun(TestRunner.java:744)
	at org.testng.TestRunner.run(TestRunner.java:602)
	at org.testng.SuiteRunner.runTest(SuiteRunner.java:380)
	at org.testng.SuiteRunner.runSequentially(SuiteRunner.java:375)
	at org.testng.SuiteRunner.privateRun(SuiteRunner.java:340)
	at org.testng.SuiteRunner.run(SuiteRunner.java:289)
	at org.testng.SuiteRunnerWorker.runSuite(SuiteRunnerWorker.java:52)
	at org.testng.SuiteRunnerWorker.run(SuiteRunnerWorker.java:86)
	at org.testng.TestNG.runSuitesSequentially(TestNG.java:1301)
	at org.testng.TestNG.runSuitesLocally(TestNG.java:1226)
	at org.testng.TestNG.runSuites(TestNG.java:1144)
	at org.testng.TestNG.run(TestNG.java:1115)
	at org.testng.remote.AbstractRemoteTestNG.run(AbstractRemoteTestNG.java:115)
	at org.testng.remote.RemoteTestNG.initAndRun(RemoteTestNG.java:251)
	at org.testng.remote.RemoteTestNG.main(RemoteTestNG.java:77)
]]>
    </failure>
  </testcase> <!-- @BeforeMethod setup -->
  <testcase name="@BeforeMethod setup" time="0.0" classname="com.crm.qa.test.ContactsPageTest">
    <skipped/>
  </testcase> <!-- @BeforeMethod setup -->
  <testcase name="@BeforeMethod setup" time="0.0" classname="com.crm.qa.test.ContactsPageTest">
    <skipped/>
  </testcase> <!-- @BeforeMethod setup -->
  <testcase name="@BeforeMethod setup" time="0.0" classname="com.crm.qa.test.ContactsPageTest">
    <skipped/>
  </testcase> <!-- @BeforeMethod setup -->
  <testcase name="@BeforeMethod setup" time="0.0" classname="com.crm.qa.test.ContactsPageTest">
    <skipped/>
  </testcase> <!-- @BeforeMethod setup -->
  <testcase name="Framecheck" time="0.018" classname="com.crm.qa.test.ContactsPageTest">
    <skipped/>
  </testcase> <!-- Framecheck -->
  <testcase name="ClickonNewButton" time="0.0" classname="com.crm.qa.test.ContactsPageTest">
    <skipped/>
  </testcase> <!-- ClickonNewButton -->
  <testcase name="validateCreatenewContatc" time="0.0" classname="com.crm.qa.test.ContactsPageTest">
    <skipped/>
  </testcase> <!-- validateCreatenewContatc -->
  <testcase name="validateCreatenewContatc" time="0.0" classname="com.crm.qa.test.ContactsPageTest">
    <skipped/>
  </testcase> <!-- validateCreatenewContatc -->
  <testcase name="validateCreatenewContatc" time="0.0" classname="com.crm.qa.test.ContactsPageTest">
    <skipped/>
  </testcase> <!-- validateCreatenewContatc -->
</testsuite> <!-- Default test -->
